\BOOKMARK [1][-]{section.1}{\376\377\000W\000p\000r\000o\000w\000a\000d\000z\000e\000n\000i\000e}{}% 1
\BOOKMARK [2][-]{subsection.1.1}{\376\377\000C\000e\000l\000\040\000p\000r\000a\000c\000y}{section.1}% 2
\BOOKMARK [2][-]{subsection.1.2}{\376\377\000M\000o\000t\000y\000w\000a\000c\000j\000e}{section.1}% 3
\BOOKMARK [1][-]{section.2}{\376\377\000W\000s\000t\000e\000p\000\040\000t\000e\000o\000r\000e\000t\000y\000c\000z\000n\000y}{}% 4
\BOOKMARK [2][-]{subsection.2.1}{\376\377\000K\000l\000a\000s\000y\000f\000i\000k\000a\000c\000j\000a\000\040\000s\000c\000e\000n\000y}{section.2}% 5
\BOOKMARK [2][-]{subsection.2.2}{\376\377\000S\000e\000g\000m\000e\000n\000t\000a\000c\000j\000a\000\040\000o\000b\000r\000a\000z\000u}{section.2}% 6
\BOOKMARK [2][-]{subsection.2.3}{\376\377\000G\001\102\001\031\000b\000o\000k\000i\000e\000\040\000u\000c\000z\000e\000n\000i\000e\000\040\000i\000\040\000k\000o\000n\000w\000o\000l\000u\000c\000j\000e}{section.2}% 7
\BOOKMARK [2][-]{subsection.2.4}{\376\377\000U\000c\000z\000e\000n\000i\000e\000\040\000w\000i\000e\000l\000o\000z\000a\000d\000a\000n\000i\000o\000w\000e}{section.2}% 8
\BOOKMARK [1][-]{section.3}{\376\377\000R\000o\000z\000w\000i\001\005\000z\000a\000n\000i\000e}{}% 9
\BOOKMARK [2][-]{subsection.3.1}{\376\377\000P\000r\000z\000e\000g\000l\001\005\000d\000\040\000r\000o\000z\000w\000i\001\005\000z\000a\001\104}{section.3}% 10
\BOOKMARK [2][-]{subsection.3.2}{\376\377\000Z\000a\000r\000y\000s\000\040\000r\000o\000z\000w\000i\001\005\000z\000a\000n\000i\000a\000\040\000p\000r\000o\000b\000l\000e\000m\000u}{section.3}% 11
\BOOKMARK [1][-]{section.4}{\376\377\000E\000k\000s\000p\000e\000r\000y\000m\000e\000n\000t\000y}{}% 12
\BOOKMARK [2][-]{subsection.4.1}{\376\377\000O\000p\000i\000s\000\040\000z\000b\000i\000o\000r\000u\000\040\000d\000a\000n\000y\000c\000h}{section.4}% 13
\BOOKMARK [2][-]{subsection.4.2}{\376\377\000A\000n\000a\000l\000i\000z\000a\000\040\000z\000b\000i\000o\000r\000u\000\040\000d\000a\000n\000y\000c\000h}{section.4}% 14
\BOOKMARK [2][-]{subsection.4.3}{\376\377\000O\000p\000i\000s\000\040\000e\000k\000s\000p\000e\000r\000y\000m\000e\000n\000t\000\363\000w}{section.4}% 15
\BOOKMARK [2][-]{subsection.4.4}{\376\377\000W\000y\000n\000i\000k\000i}{section.4}% 16
\BOOKMARK [1][-]{section.5}{\376\377\000P\000o\000d\000s\000u\000m\000o\000w\000a\000n\000i\000e}{}% 17
\BOOKMARK [1][-]{section*.16}{\376\377\000B\000i\000b\000l\000i\000o\000g\000r\000a\000f\000i\000a}{}% 18
\BOOKMARK [1][-]{section*.16}{\376\377\000S\000p\000i\000s\000\040\000r\000y\000s\000u\000n\000k\000\363\000w}{}% 19
\BOOKMARK [1][-]{section*.16}{\376\377\000S\000p\000i\000s\000\040\000t\000a\000b\000e\000l}{}% 20
